<?xml version="1.0" encoding="UTF-8"?>
<!-- Generated by org.testng.reporters.JUnitXMLReporter -->
<testsuite hostname="TUSAR" name="Test" tests="2" failures="2" timestamp="20 Nov 2016 12:27:13 GMT" time="18.297" errors="0">
  <testcase name="CreatEmpTest" time="15.134" classname="com.hrm.adminTest.PIMTest">
    <failure type="java.lang.IllegalStateException" message="Cannot get a text value from a numeric cell">
      <![CDATA[java.lang.IllegalStateException: Cannot get a text value from a numeric cell
	at org.apache.poi.xssf.usermodel.XSSFCell.typeMismatch(XSSFCell.java:1015)
	at org.apache.poi.xssf.usermodel.XSSFCell.getRichStringCellValue(XSSFCell.java:399)
	at org.apache.poi.xssf.usermodel.XSSFCell.getStringCellValue(XSSFCell.java:351)
	at com.hrm.genericlib.ExcellLib.getExcellData(ExcellLib.java:25)
	at com.hrm.adminTest.PIMTest.CreatEmpTest(PIMTest.java:54)
... Removed 25 stack frames]]>
    </failure>
  </testcase> <!-- CreatEmpTest -->
  <testcase name="deluserTest" time="3.065" classname="com.hrm.adminTest.Deletuser">
    <failure type="java.lang.IllegalStateException" message="Cannot get a text value from a numeric cell">
      <![CDATA[java.lang.IllegalStateException: Cannot get a text value from a numeric cell
	at org.apache.poi.xssf.usermodel.XSSFCell.typeMismatch(XSSFCell.java:1015)
	at org.apache.poi.xssf.usermodel.XSSFCell.getRichStringCellValue(XSSFCell.java:399)
	at org.apache.poi.xssf.usermodel.XSSFCell.getStringCellValue(XSSFCell.java:351)
	at com.hrm.genericlib.ExcellLib.getExcellData(ExcellLib.java:25)
	at com.hrm.adminTest.Deletuser.deluserTest(Deletuser.java:40)
... Removed 25 stack frames]]>
    </failure>
  </testcase> <!-- deluserTest -->
</testsuite> <!-- Test -->
